<?xml version="1.0" encoding="UTF-8"?>
<!-- Generated by org.testng.reporters.JUnitXMLReporter -->
<testsuite ignored="0" hostname="DESKTOP-CQPPJ1M" failures="0" tests="2" name="DeliveryTest" time="13.042" errors="0" timestamp="2024-05-19T02:57:47 IST">
  <testcase classname="com.supermarket.test.CreateDeliveryBoyTest" name="verifyUserIsAbleToCreateMultipleDeliveryBoys" time="3.902"/>
  <testcase classname="com.supermarket.test.CreateDeliveryBoyTest" name="verifyUserIsAbleToCreateMultipleDeliveryBoys" time="3.475"/>
</testsuite> <!-- DeliveryTest -->
