<?xml version="1.0" encoding="UTF-8"?>
<!-- Generated by org.testng.reporters.JUnitXMLReporter -->
<testsuite ignored="4" hostname="DESKTOP-CQPPJ1M" failures="0" tests="2" name="Test" time="9.717" errors="0" timestamp="2024-05-16T12:17:50 IST">
  <testcase classname="com.supermarket.test.AdminTest" name="myadminTest" time="2.266"/>
  <testcase classname="com.supermarket.test.LoginTest" name="verifyUserIsAbleToLoginWithCredentials" time="0.845"/>
  <testcase classname="com.supermarket.test.CreateNewsTest" name="createNews" time="0.0">
    <ignored/>
  </testcase> <!-- createNews -->
  <testcase classname="com.supermarket.test.ManageExpenseTest" name="userIsableToCreateAndDeleteExpense" time="0.0">
    <ignored/>
  </testcase> <!-- userIsableToCreateAndDeleteExpense -->
  <testcase classname="com.supermarket.test.AddExpenseTest" name="verufyUserIsAbleToAddExpense" time="0.0">
    <ignored/>
  </testcase> <!-- verufyUserIsAbleToAddExpense -->
  <testcase classname="com.supermarket.test.CreateDeliveryBoyTest" name="verifyUserIsAbleToCreateMultipleDeliveryBoys" time="0.0">
    <ignored/>
  </testcase> <!-- verifyUserIsAbleToCreateMultipleDeliveryBoys -->
</testsuite> <!-- Test -->
